CRITICAL - 2023-08-02 01:53:27 --> Invalid file: "Modules\layouts\app.php"
in SYSTEMPATH\Exceptions\FrameworkException.php on line 33.
 1 SYSTEMPATH\View\View.php(212): CodeIgniter\Exceptions\FrameworkException::forInvalidFile('Modules\\layouts\\app.php')
 2 SYSTEMPATH\Common.php(1176): CodeIgniter\View\View->render('Modules\\layouts\\app', [], true)
 3 FCPATH\Modules\Web\Controllers\Home.php(36): view('Modules\\layouts\\app', [...])
 4 SYSTEMPATH\CodeIgniter.php(932): Modules\Web\Controllers\Home->index()
 5 SYSTEMPATH\CodeIgniter.php(497): CodeIgniter\CodeIgniter->runController(Object(Modules\Web\Controllers\Home))
 6 SYSTEMPATH\CodeIgniter.php(366): CodeIgniter\CodeIgniter->handleRequest(null, Object(Config\Cache), false)
 7 FCPATH\index.php(67): CodeIgniter\CodeIgniter->run()
CRITICAL - 2023-08-02 01:58:23 --> Invalid file: "Templates\layouts\app.php"
in SYSTEMPATH\Exceptions\FrameworkException.php on line 33.
 1 SYSTEMPATH\View\View.php(212): CodeIgniter\Exceptions\FrameworkException::forInvalidFile('Templates\\layouts\\app.php')
 2 SYSTEMPATH\Common.php(1176): CodeIgniter\View\View->render('Templates\\layouts\\app', [], true)
 3 FCPATH\Modules\Web\Controllers\Home.php(36): view('Templates\\layouts\\app', [...])
 4 SYSTEMPATH\CodeIgniter.php(932): Modules\Web\Controllers\Home->index()
 5 SYSTEMPATH\CodeIgniter.php(497): CodeIgniter\CodeIgniter->runController(Object(Modules\Web\Controllers\Home))
 6 SYSTEMPATH\CodeIgniter.php(366): CodeIgniter\CodeIgniter->handleRequest(null, Object(Config\Cache), false)
 7 FCPATH\index.php(67): CodeIgniter\CodeIgniter->run()
CRITICAL - 2023-08-02 01:58:24 --> Invalid file: "Templates\layouts\app.php"
in SYSTEMPATH\Exceptions\FrameworkException.php on line 33.
 1 SYSTEMPATH\View\View.php(212): CodeIgniter\Exceptions\FrameworkException::forInvalidFile('Templates\\layouts\\app.php')
 2 SYSTEMPATH\Common.php(1176): CodeIgniter\View\View->render('Templates\\layouts\\app', [], true)
 3 FCPATH\Modules\Web\Controllers\Home.php(36): view('Templates\\layouts\\app', [...])
 4 SYSTEMPATH\CodeIgniter.php(932): Modules\Web\Controllers\Home->index()
 5 SYSTEMPATH\CodeIgniter.php(497): CodeIgniter\CodeIgniter->runController(Object(Modules\Web\Controllers\Home))
 6 SYSTEMPATH\CodeIgniter.php(366): CodeIgniter\CodeIgniter->handleRequest(null, Object(Config\Cache), false)
 7 FCPATH\index.php(67): CodeIgniter\CodeIgniter->run()
CRITICAL - 2023-08-02 01:58:24 --> Invalid file: "Templates\layouts\app.php"
in SYSTEMPATH\Exceptions\FrameworkException.php on line 33.
 1 SYSTEMPATH\View\View.php(212): CodeIgniter\Exceptions\FrameworkException::forInvalidFile('Templates\\layouts\\app.php')
 2 SYSTEMPATH\Common.php(1176): CodeIgniter\View\View->render('Templates\\layouts\\app', [], true)
 3 FCPATH\Modules\Web\Controllers\Home.php(36): view('Templates\\layouts\\app', [...])
 4 SYSTEMPATH\CodeIgniter.php(932): Modules\Web\Controllers\Home->index()
 5 SYSTEMPATH\CodeIgniter.php(497): CodeIgniter\CodeIgniter->runController(Object(Modules\Web\Controllers\Home))
 6 SYSTEMPATH\CodeIgniter.php(366): CodeIgniter\CodeIgniter->handleRequest(null, Object(Config\Cache), false)
 7 FCPATH\index.php(67): CodeIgniter\CodeIgniter->run()
CRITICAL - 2023-08-02 01:58:54 --> Invalid file: "Templates\layouts\app.php"
in SYSTEMPATH\Exceptions\FrameworkException.php on line 33.
 1 SYSTEMPATH\View\View.php(212): CodeIgniter\Exceptions\FrameworkException::forInvalidFile('Templates\\layouts\\app.php')
 2 SYSTEMPATH\Common.php(1176): CodeIgniter\View\View->render('Templates\\layouts\\app', [], true)
 3 FCPATH\Modules\Web\Controllers\Home.php(36): view('Templates\\layouts\\app', [...])
 4 SYSTEMPATH\CodeIgniter.php(932): Modules\Web\Controllers\Home->index()
 5 SYSTEMPATH\CodeIgniter.php(497): CodeIgniter\CodeIgniter->runController(Object(Modules\Web\Controllers\Home))
 6 SYSTEMPATH\CodeIgniter.php(366): CodeIgniter\CodeIgniter->handleRequest(null, Object(Config\Cache), false)
 7 FCPATH\index.php(67): CodeIgniter\CodeIgniter->run()
CRITICAL - 2023-08-02 01:58:55 --> Invalid file: "Templates\layouts\app.php"
in SYSTEMPATH\Exceptions\FrameworkException.php on line 33.
 1 SYSTEMPATH\View\View.php(212): CodeIgniter\Exceptions\FrameworkException::forInvalidFile('Templates\\layouts\\app.php')
 2 SYSTEMPATH\Common.php(1176): CodeIgniter\View\View->render('Templates\\layouts\\app', [], true)
 3 FCPATH\Modules\Web\Controllers\Home.php(36): view('Templates\\layouts\\app', [...])
 4 SYSTEMPATH\CodeIgniter.php(932): Modules\Web\Controllers\Home->index()
 5 SYSTEMPATH\CodeIgniter.php(497): CodeIgniter\CodeIgniter->runController(Object(Modules\Web\Controllers\Home))
 6 SYSTEMPATH\CodeIgniter.php(366): CodeIgniter\CodeIgniter->handleRequest(null, Object(Config\Cache), false)
 7 FCPATH\index.php(67): CodeIgniter\CodeIgniter->run()
CRITICAL - 2023-08-02 01:58:55 --> Invalid file: "Templates\layouts\app.php"
in SYSTEMPATH\Exceptions\FrameworkException.php on line 33.
 1 SYSTEMPATH\View\View.php(212): CodeIgniter\Exceptions\FrameworkException::forInvalidFile('Templates\\layouts\\app.php')
 2 SYSTEMPATH\Common.php(1176): CodeIgniter\View\View->render('Templates\\layouts\\app', [], true)
 3 FCPATH\Modules\Web\Controllers\Home.php(36): view('Templates\\layouts\\app', [...])
 4 SYSTEMPATH\CodeIgniter.php(932): Modules\Web\Controllers\Home->index()
 5 SYSTEMPATH\CodeIgniter.php(497): CodeIgniter\CodeIgniter->runController(Object(Modules\Web\Controllers\Home))
 6 SYSTEMPATH\CodeIgniter.php(366): CodeIgniter\CodeIgniter->handleRequest(null, Object(Config\Cache), false)
 7 FCPATH\index.php(67): CodeIgniter\CodeIgniter->run()
CRITICAL - 2023-08-02 01:58:55 --> Invalid file: "Templates\layouts\app.php"
in SYSTEMPATH\Exceptions\FrameworkException.php on line 33.
 1 SYSTEMPATH\View\View.php(212): CodeIgniter\Exceptions\FrameworkException::forInvalidFile('Templates\\layouts\\app.php')
 2 SYSTEMPATH\Common.php(1176): CodeIgniter\View\View->render('Templates\\layouts\\app', [], true)
 3 FCPATH\Modules\Web\Controllers\Home.php(36): view('Templates\\layouts\\app', [...])
 4 SYSTEMPATH\CodeIgniter.php(932): Modules\Web\Controllers\Home->index()
 5 SYSTEMPATH\CodeIgniter.php(497): CodeIgniter\CodeIgniter->runController(Object(Modules\Web\Controllers\Home))
 6 SYSTEMPATH\CodeIgniter.php(366): CodeIgniter\CodeIgniter->handleRequest(null, Object(Config\Cache), false)
 7 FCPATH\index.php(67): CodeIgniter\CodeIgniter->run()
CRITICAL - 2023-08-02 02:18:09 --> preg_replace(): No ending delimiter '/' found
in FCPATH\Templates\Helpers\views_helper.php on line 8.
 1 [internal function]: CodeIgniter\Debug\Exceptions->errorHandler(2, 'preg_replace(): No ending delimiter \'/\' found', 'D:\\laragon\\www\\ngetes\\codeigniter4-hmvc\\Templates\\Helpers\\views_helper.php', 8, [...])
 2 FCPATH\Templates\Helpers\views_helper.php(8): preg_replace('/', '/\\/', 'Templates/layouts/web')
 3 FCPATH\Modules\Web\Controllers\Home.php(39): modulesView('Templates/layouts/web', [...])
 4 SYSTEMPATH\CodeIgniter.php(932): Modules\Web\Controllers\Home->index()
 5 SYSTEMPATH\CodeIgniter.php(497): CodeIgniter\CodeIgniter->runController(Object(Modules\Web\Controllers\Home))
 6 SYSTEMPATH\CodeIgniter.php(366): CodeIgniter\CodeIgniter->handleRequest(null, Object(Config\Cache), false)
 7 FCPATH\index.php(67): CodeIgniter\CodeIgniter->run()
CRITICAL - 2023-08-02 02:21:04 --> Undefined variable: view_template
in FCPATH\Templates\Views\layouts\web.php on line 271.
 1 FCPATH\Templates\Views\layouts\web.php(271): CodeIgniter\Debug\Exceptions->errorHandler(8, 'Undefined variable: view_template', 'D:\\laragon\\www\\ngetes\\codeigniter4-hmvc\\Templates\\Views\\layouts\\web.php', 271, [])
 2 SYSTEMPATH\View\View.php(224): include('D:\\laragon\\www\\ngetes\\codeigniter4-hmvc\\Templates\\Views\\layouts\\web.php')
 3 SYSTEMPATH\View\View.php(227): CodeIgniter\View\View->CodeIgniter\View\{closure}()
 4 SYSTEMPATH\Common.php(1176): CodeIgniter\View\View->render('Templates\\layouts\\web', [], true)
 5 FCPATH\Templates\Helpers\views_helper.php(9): view('Templates\\layouts\\web')
 6 FCPATH\Modules\Web\Controllers\Home.php(39): modulesView('Templates/layouts/web', [...])
 7 SYSTEMPATH\CodeIgniter.php(932): Modules\Web\Controllers\Home->index()
 8 SYSTEMPATH\CodeIgniter.php(497): CodeIgniter\CodeIgniter->runController(Object(Modules\Web\Controllers\Home))
 9 SYSTEMPATH\CodeIgniter.php(366): CodeIgniter\CodeIgniter->handleRequest(null, Object(Config\Cache), false)
10 FCPATH\index.php(67): CodeIgniter\CodeIgniter->run()
CRITICAL - 2023-08-02 02:22:16 --> Invalid file: "Modules/Web/Views/Home/index.php"
in SYSTEMPATH\Exceptions\FrameworkException.php on line 33.
 1 SYSTEMPATH\View\View.php(212): CodeIgniter\Exceptions\FrameworkException::forInvalidFile('Modules/Web/Views/Home/index.php')
 2 SYSTEMPATH\Common.php(1176): CodeIgniter\View\View->render('Modules/Web/Views/Home/index', [], true)
 3 FCPATH\Templates\Views\layouts\web.php(271): view('Modules/Web/Views/Home/index')
 4 SYSTEMPATH\View\View.php(224): include('D:\\laragon\\www\\ngetes\\codeigniter4-hmvc\\Templates\\Views\\layouts\\web.php')
 5 SYSTEMPATH\View\View.php(227): CodeIgniter\View\View->CodeIgniter\View\{closure}()
 6 SYSTEMPATH\Common.php(1176): CodeIgniter\View\View->render('Templates\\layouts\\web', [], true)
 7 FCPATH\Templates\Helpers\views_helper.php(10): view('Templates\\layouts\\web', [...])
 8 FCPATH\Modules\Web\Controllers\Home.php(39): modulesView('Templates/layouts/web', [...])
 9 SYSTEMPATH\CodeIgniter.php(932): Modules\Web\Controllers\Home->index()
10 SYSTEMPATH\CodeIgniter.php(497): CodeIgniter\CodeIgniter->runController(Object(Modules\Web\Controllers\Home))
11 SYSTEMPATH\CodeIgniter.php(366): CodeIgniter\CodeIgniter->handleRequest(null, Object(Config\Cache), false)
12 FCPATH\index.php(67): CodeIgniter\CodeIgniter->run()
CRITICAL - 2023-08-02 02:22:29 --> Invalid file: "Modules/Web/Views/home/index.php"
in SYSTEMPATH\Exceptions\FrameworkException.php on line 33.
 1 SYSTEMPATH\View\View.php(212): CodeIgniter\Exceptions\FrameworkException::forInvalidFile('Modules/Web/Views/home/index.php')
 2 SYSTEMPATH\Common.php(1176): CodeIgniter\View\View->render('Modules/Web/Views/home/index', [], true)
 3 FCPATH\Templates\Views\layouts\web.php(271): view('Modules/Web/Views/home/index')
 4 SYSTEMPATH\View\View.php(224): include('D:\\laragon\\www\\ngetes\\codeigniter4-hmvc\\Templates\\Views\\layouts\\web.php')
 5 SYSTEMPATH\View\View.php(227): CodeIgniter\View\View->CodeIgniter\View\{closure}()
 6 SYSTEMPATH\Common.php(1176): CodeIgniter\View\View->render('Templates\\layouts\\web', [], true)
 7 FCPATH\Templates\Helpers\views_helper.php(10): view('Templates\\layouts\\web', [...])
 8 FCPATH\Modules\Web\Controllers\Home.php(39): modulesView('Templates/layouts/web', [...])
 9 SYSTEMPATH\CodeIgniter.php(932): Modules\Web\Controllers\Home->index()
10 SYSTEMPATH\CodeIgniter.php(497): CodeIgniter\CodeIgniter->runController(Object(Modules\Web\Controllers\Home))
11 SYSTEMPATH\CodeIgniter.php(366): CodeIgniter\CodeIgniter->handleRequest(null, Object(Config\Cache), false)
12 FCPATH\index.php(67): CodeIgniter\CodeIgniter->run()
CRITICAL - 2023-08-02 02:22:59 --> Invalid file: "Modules/Web/Views/home/index.php"
in SYSTEMPATH\Exceptions\FrameworkException.php on line 33.
 1 SYSTEMPATH\View\View.php(212): CodeIgniter\Exceptions\FrameworkException::forInvalidFile('Modules/Web/Views/home/index.php')
 2 SYSTEMPATH\Common.php(1176): CodeIgniter\View\View->render('Modules/Web/Views/home/index', [], true)
 3 FCPATH\Templates\Views\layouts\web.php(271): view('Modules/Web/Views/home/index')
 4 SYSTEMPATH\View\View.php(224): include('D:\\laragon\\www\\ngetes\\codeigniter4-hmvc\\Templates\\Views\\layouts\\web.php')
 5 SYSTEMPATH\View\View.php(227): CodeIgniter\View\View->CodeIgniter\View\{closure}()
 6 SYSTEMPATH\Common.php(1176): CodeIgniter\View\View->render('Templates\\layouts\\web', [], true)
 7 FCPATH\Templates\Helpers\views_helper.php(10): view('Templates\\layouts\\web', [...])
 8 FCPATH\Modules\Web\Controllers\Home.php(39): modulesView('Templates/layouts/web', [...])
 9 SYSTEMPATH\CodeIgniter.php(932): Modules\Web\Controllers\Home->index()
10 SYSTEMPATH\CodeIgniter.php(497): CodeIgniter\CodeIgniter->runController(Object(Modules\Web\Controllers\Home))
11 SYSTEMPATH\CodeIgniter.php(366): CodeIgniter\CodeIgniter->handleRequest(null, Object(Config\Cache), false)
12 FCPATH\index.php(67): CodeIgniter\CodeIgniter->run()
CRITICAL - 2023-08-02 02:22:59 --> Invalid file: "Modules/Web/Views/home/index.php"
in SYSTEMPATH\Exceptions\FrameworkException.php on line 33.
 1 SYSTEMPATH\View\View.php(212): CodeIgniter\Exceptions\FrameworkException::forInvalidFile('Modules/Web/Views/home/index.php')
 2 SYSTEMPATH\Common.php(1176): CodeIgniter\View\View->render('Modules/Web/Views/home/index', [], true)
 3 FCPATH\Templates\Views\layouts\web.php(271): view('Modules/Web/Views/home/index')
 4 SYSTEMPATH\View\View.php(224): include('D:\\laragon\\www\\ngetes\\codeigniter4-hmvc\\Templates\\Views\\layouts\\web.php')
 5 SYSTEMPATH\View\View.php(227): CodeIgniter\View\View->CodeIgniter\View\{closure}()
 6 SYSTEMPATH\Common.php(1176): CodeIgniter\View\View->render('Templates\\layouts\\web', [], true)
 7 FCPATH\Templates\Helpers\views_helper.php(10): view('Templates\\layouts\\web', [...])
 8 FCPATH\Modules\Web\Controllers\Home.php(39): modulesView('Templates/layouts/web', [...])
 9 SYSTEMPATH\CodeIgniter.php(932): Modules\Web\Controllers\Home->index()
10 SYSTEMPATH\CodeIgniter.php(497): CodeIgniter\CodeIgniter->runController(Object(Modules\Web\Controllers\Home))
11 SYSTEMPATH\CodeIgniter.php(366): CodeIgniter\CodeIgniter->handleRequest(null, Object(Config\Cache), false)
12 FCPATH\index.php(67): CodeIgniter\CodeIgniter->run()
CRITICAL - 2023-08-02 02:23:00 --> Invalid file: "Modules/Web/Views/home/index.php"
in SYSTEMPATH\Exceptions\FrameworkException.php on line 33.
 1 SYSTEMPATH\View\View.php(212): CodeIgniter\Exceptions\FrameworkException::forInvalidFile('Modules/Web/Views/home/index.php')
 2 SYSTEMPATH\Common.php(1176): CodeIgniter\View\View->render('Modules/Web/Views/home/index', [], true)
 3 FCPATH\Templates\Views\layouts\web.php(271): view('Modules/Web/Views/home/index')
 4 SYSTEMPATH\View\View.php(224): include('D:\\laragon\\www\\ngetes\\codeigniter4-hmvc\\Templates\\Views\\layouts\\web.php')
 5 SYSTEMPATH\View\View.php(227): CodeIgniter\View\View->CodeIgniter\View\{closure}()
 6 SYSTEMPATH\Common.php(1176): CodeIgniter\View\View->render('Templates\\layouts\\web', [], true)
 7 FCPATH\Templates\Helpers\views_helper.php(10): view('Templates\\layouts\\web', [...])
 8 FCPATH\Modules\Web\Controllers\Home.php(39): modulesView('Templates/layouts/web', [...])
 9 SYSTEMPATH\CodeIgniter.php(932): Modules\Web\Controllers\Home->index()
10 SYSTEMPATH\CodeIgniter.php(497): CodeIgniter\CodeIgniter->runController(Object(Modules\Web\Controllers\Home))
11 SYSTEMPATH\CodeIgniter.php(366): CodeIgniter\CodeIgniter->handleRequest(null, Object(Config\Cache), false)
12 FCPATH\index.php(67): CodeIgniter\CodeIgniter->run()
CRITICAL - 2023-08-02 02:54:22 --> Invalid file: "Modules\layouts\app.php"
in SYSTEMPATH\Exceptions\FrameworkException.php on line 33.
 1 SYSTEMPATH\View\View.php(212): CodeIgniter\Exceptions\FrameworkException::forInvalidFile('Modules\\layouts\\app.php')
 2 SYSTEMPATH\Common.php(1176): CodeIgniter\View\View->render('Modules\\layouts\\app', [], true)
 3 FCPATH\Modules\Admin\Controllers\Dashboard.php(38): view('Modules\\layouts\\app', [...])
 4 SYSTEMPATH\CodeIgniter.php(932): Modules\Admin\Controllers\Dashboard->index()
 5 SYSTEMPATH\CodeIgniter.php(497): CodeIgniter\CodeIgniter->runController(Object(Modules\Admin\Controllers\Dashboard))
 6 SYSTEMPATH\CodeIgniter.php(366): CodeIgniter\CodeIgniter->handleRequest(null, Object(Config\Cache), false)
 7 FCPATH\index.php(67): CodeIgniter\CodeIgniter->run()
CRITICAL - 2023-08-02 02:55:07 --> Invalid file: "Templates/layouts/admin.php"
in SYSTEMPATH\Exceptions\FrameworkException.php on line 33.
 1 SYSTEMPATH\View\View.php(212): CodeIgniter\Exceptions\FrameworkException::forInvalidFile('Templates/layouts/admin.php')
 2 SYSTEMPATH\Common.php(1176): CodeIgniter\View\View->render('Templates/layouts/admin', [], true)
 3 FCPATH\Modules\Admin\Controllers\Dashboard.php(38): view('Templates/layouts/admin', [...])
 4 SYSTEMPATH\CodeIgniter.php(932): Modules\Admin\Controllers\Dashboard->index()
 5 SYSTEMPATH\CodeIgniter.php(497): CodeIgniter\CodeIgniter->runController(Object(Modules\Admin\Controllers\Dashboard))
 6 SYSTEMPATH\CodeIgniter.php(366): CodeIgniter\CodeIgniter->handleRequest(null, Object(Config\Cache), false)
 7 FCPATH\index.php(67): CodeIgniter\CodeIgniter->run()
CRITICAL - 2023-08-02 03:08:31 --> Undefined variable: view_template
in FCPATH\Templates\Views\layouts\admin.php on line 2.
 1 FCPATH\Templates\Views\layouts\admin.php(2): CodeIgniter\Debug\Exceptions->errorHandler(8, 'Undefined variable: view_template', 'D:\\laragon\\www\\ngetes\\codeigniter4-hmvc\\Templates\\Views\\layouts\\admin.php', 2, [...])
 2 SYSTEMPATH\View\View.php(224): include('D:\\laragon\\www\\ngetes\\codeigniter4-hmvc\\Templates\\Views\\layouts\\admin.php')
 3 SYSTEMPATH\View\View.php(227): CodeIgniter\View\View->CodeIgniter\View\{closure}()
 4 SYSTEMPATH\Common.php(1176): CodeIgniter\View\View->render('Templates\\layouts\\admin', [], true)
 5 FCPATH\Templates\Helpers\views_helper.php(18): view('Templates\\layouts\\admin', [...])
 6 FCPATH\Modules\Admin\Controllers\Dashboard.php(38): modulesView('Templates/layouts/admin', [...])
 7 SYSTEMPATH\CodeIgniter.php(932): Modules\Admin\Controllers\Dashboard->index()
 8 SYSTEMPATH\CodeIgniter.php(497): CodeIgniter\CodeIgniter->runController(Object(Modules\Admin\Controllers\Dashboard))
 9 SYSTEMPATH\CodeIgniter.php(366): CodeIgniter\CodeIgniter->handleRequest(null, Object(Config\Cache), false)
10 FCPATH\index.php(67): CodeIgniter\CodeIgniter->run()
